<?xml version="1.0" encoding="UTF-8"?>
<!-- Generated by org.testng.reporters.JUnitReportReporter -->
<testsuite hostname="om-PC" name="FirstSeleniumTest.GroupC" tests="1" failures="0" timestamp="4 Mar 2020 12:07:27 GMT" time="0.018" errors="0">
  <testcase name="m2" time="0.018" classname="FirstSeleniumTest.GroupC"/>
</testsuite> <!-- FirstSeleniumTest.GroupC -->
