<?xml version="1.0" encoding="UTF-8"?>
<!-- Generated by org.testng.reporters.JUnitReportReporter -->
<testsuite hostname="om-PC" name="FirstSeleniumTest.AnnotationDemo" tests="1" failures="0" timestamp="4 Feb 2020 15:14:03 GMT" time="0.013" errors="0">
  <testcase name="googleTitleTest" time="0.013" classname="FirstSeleniumTest.AnnotationDemo"/>
</testsuite> <!-- FirstSeleniumTest.AnnotationDemo -->
