<?xml version="1.0" encoding="UTF-8"?>
<!-- Generated by org.testng.reporters.JUnitReportReporter -->
<testsuite hostname="om-PC" name="FirstSeleniumTest.GroupB" tests="4" failures="0" timestamp="4 Mar 2020 12:39:59 GMT" time="0.027" errors="0">
  <testcase name="m3" time="0.004" classname="FirstSeleniumTest.GroupB"/>
  <testcase name="m2" time="0.004" classname="FirstSeleniumTest.GroupB"/>
  <testcase name="m1" time="0.017" classname="FirstSeleniumTest.GroupB"/>
  <testcase name="m2" time="0.002" classname="FirstSeleniumTest.GroupB"/>
</testsuite> <!-- FirstSeleniumTest.GroupB -->
