<?xml version="1.0" encoding="UTF-8"?>
<!-- Generated by org.testng.reporters.JUnitReportReporter -->
<testsuite hostname="om-PC" name="FirstSeleniumTest.FirstSeleniumTestCase" tests="2" failures="0" timestamp="4 Feb 2020 14:42:20 GMT" time="20.037" errors="0">
  <testcase name="m2" time="0.002" classname="FirstSeleniumTest.FirstSeleniumTestCase"/>
  <testcase name="m1" time="20.035" classname="FirstSeleniumTest.FirstSeleniumTestCase"/>
</testsuite> <!-- FirstSeleniumTest.FirstSeleniumTestCase -->
